# JRE version: Java(TM) SE Runtime Environment (17.0.2+8) (build 17.0.2+8-LTS-86)
# Java VM: Java HotSpot(TM) 64-Bit Server VM (17.0.2+8-LTS-86, mixed mode, sharing, tiered, compressed oops, compressed class ptrs, g1 gc, windows-amd64)
GC Precious Log:
 CPUs: 16 total, 16 available
 Memory: 24428M
 Large Page Support: Disabled
 NUMA Support: Disabled
 Compressed Oops: Enabled (Zero based)
 Heap Region Size: 4M
 Heap Min Capacity: 8M
 Heap Initial Capacity: 384M
 Heap Max Capacity: 6108M
 Pre-touch: Disabled
 Parallel Workers: 13
 Concurrent Workers: 3
 Concurrent Refinement Workers: 13
 Periodic GC: Disabled
Heap:
 garbage-first heap   total 122880K, used 47282K [0x0000000682400000, 0x0000000800000000)
  region size 4096K, 4 young (16384K), 3 survivors (12288K)
 Metaspace       used 25422K, committed 25728K, reserved 1073152K
  class space    used 3426K, committed 3584K, reserved 1048576K
GC Heap History (8 events):
Event: 0.527 GC heap before
{Heap before GC invocations=0 (full 0):
 garbage-first heap   total 393216K, used 16384K [0x0000000682400000, 0x0000000800000000)
  region size 4096K, 5 young (20480K), 0 survivors (0K)
 Metaspace       used 4074K, committed 4160K, reserved 1056768K
  class space    used 470K, committed 512K, reserved 1048576K
}
Event: 0.529 GC heap after
{Heap after GC invocations=1 (full 0):
 garbage-first heap   total 393216K, used 2778K [0x0000000682400000, 0x0000000800000000)
  region size 4096K, 1 young (4096K), 1 survivors (4096K)
 Metaspace       used 4074K, committed 4160K, reserved 1056768K
  class space    used 470K, committed 512K, reserved 1048576K
}
Event: 2.091 GC heap before
{Heap before GC invocations=1 (full 0):
 garbage-first heap   total 393216K, used 51930K [0x0000000682400000, 0x0000000800000000)
  region size 4096K, 11 young (45056K), 1 survivors (4096K)
 Metaspace       used 14276K, committed 14528K, reserved 1064960K
  class space    used 2094K, committed 2176K, reserved 1048576K
}
Event: 2.094 GC heap after
{Heap after GC invocations=2 (full 0):
 garbage-first heap   total 393216K, used 21747K [0x0000000682400000, 0x0000000800000000)
  region size 4096K, 2 young (8192K), 2 survivors (8192K)
 Metaspace       used 14276K, committed 14528K, reserved 1064960K
  class space    used 2094K, committed 2176K, reserved 1048576K
}
Event: 16.783 GC heap before
{Heap before GC invocations=2 (full 0):
 garbage-first heap   total 393216K, used 58611K [0x0000000682400000, 0x0000000800000000)
  region size 4096K, 11 young (45056K), 2 survivors (8192K)
 Metaspace       used 21263K, committed 21504K, reserved 1073152K
  class space    used 2964K, committed 3072K, reserved 1048576K
}
Event: 16.788 GC heap after
{Heap after GC invocations=3 (full 0):
 garbage-first heap   total 393216K, used 28315K [0x0000000682400000, 0x0000000800000000)
  region size 4096K, 3 young (12288K), 3 survivors (12288K)
 Metaspace       used 21263K, committed 21504K, reserved 1073152K
  class space    used 2964K, committed 3072K, reserved 1048576K
}
Event: 47.389 GC heap before
{Heap before GC invocations=4 (full 0):
 garbage-first heap   total 122880K, used 93851K [0x0000000682400000, 0x0000000800000000)
  region size 4096K, 16 young (65536K), 3 survivors (12288K)
 Metaspace       used 25393K, committed 25664K, reserved 1073152K
  class space    used 3424K, committed 3584K, reserved 1048576K
}
Event: 47.395 GC heap after
{Heap after GC invocations=5 (full 0):
 garbage-first heap   total 122880K, used 43186K [0x0000000682400000, 0x0000000800000000)
  region size 4096K, 3 young (12288K), 3 survivors (12288K)
 Metaspace       used 25393K, committed 25664K, reserved 1073152K
  class space    used 3424K, committed 3584K, reserved 1048576K
}

