# JRE version: Java(TM) SE Runtime Environment (17.0.2+8) (build 17.0.2+8-LTS-86)
# Java VM: Java HotSpot(TM) 64-Bit Server VM (17.0.2+8-LTS-86, mixed mode, sharing, tiered, compressed oops, compressed class ptrs, g1 gc, windows-amd64)
GC Precious Log:
 CPUs: 16 total, 16 available
 Memory: 24428M
 Large Page Support: Disabled
 NUMA Support: Disabled
 Compressed Oops: Enabled (Zero based)
 Heap Region Size: 4M
 Heap Min Capacity: 8M
 Heap Initial Capacity: 384M
 Heap Max Capacity: 6108M
 Pre-touch: Disabled
 Parallel Workers: 13
 Concurrent Workers: 3
 Concurrent Refinement Workers: 13
 Periodic GC: Disabled
Heap:
 garbage-first heap   total 122880K, used 66609K [0x0000000682400000, 0x0000000800000000)
  region size 4096K, 2 young (8192K), 1 survivors (4096K)
 Metaspace       used 27256K, committed 27520K, reserved 1073152K
  class space    used 3631K, committed 3776K, reserved 1048576K
GC Heap History (14 events):
Event: 0.501 GC heap before
{Heap before GC invocations=0 (full 0):
 garbage-first heap   total 393216K, used 16384K [0x0000000682400000, 0x0000000800000000)
  region size 4096K, 5 young (20480K), 0 survivors (0K)
 Metaspace       used 4526K, committed 4672K, reserved 1056768K
  class space    used 515K, committed 576K, reserved 1048576K
}
Event: 0.504 GC heap after
{Heap after GC invocations=1 (full 0):
 garbage-first heap   total 393216K, used 2735K [0x0000000682400000, 0x0000000800000000)
  region size 4096K, 1 young (4096K), 1 survivors (4096K)
 Metaspace       used 4526K, committed 4672K, reserved 1056768K
  class space    used 515K, committed 576K, reserved 1048576K
}
Event: 4.493 GC heap before
{Heap before GC invocations=1 (full 0):
 garbage-first heap   total 393216K, used 51887K [0x0000000682400000, 0x0000000800000000)
  region size 4096K, 11 young (45056K), 1 survivors (4096K)
 Metaspace       used 14161K, committed 14400K, reserved 1064960K
  class space    used 2014K, committed 2112K, reserved 1048576K
}
Event: 4.499 GC heap after
{Heap after GC invocations=2 (full 0):
 garbage-first heap   total 393216K, used 20855K [0x0000000682400000, 0x0000000800000000)
  region size 4096K, 2 young (8192K), 2 survivors (8192K)
 Metaspace       used 14161K, committed 14400K, reserved 1064960K
  class space    used 2014K, committed 2112K, reserved 1048576K
}
Event: 60.788 GC heap before
{Heap before GC invocations=2 (full 0):
 garbage-first heap   total 393216K, used 65911K [0x0000000682400000, 0x0000000800000000)
  region size 4096K, 13 young (53248K), 2 survivors (8192K)
 Metaspace       used 21300K, committed 21504K, reserved 1073152K
  class space    used 2958K, committed 3072K, reserved 1048576K
}
Event: 60.797 GC heap after
{Heap after GC invocations=3 (full 0):
 garbage-first heap   total 393216K, used 29036K [0x0000000682400000, 0x0000000800000000)
  region size 4096K, 3 young (12288K), 3 survivors (12288K)
 Metaspace       used 21300K, committed 21504K, reserved 1073152K
  class space    used 2958K, committed 3072K, reserved 1048576K
}
Event: 115.170 GC heap before
{Heap before GC invocations=4 (full 0):
 garbage-first heap   total 122880K, used 86380K [0x0000000682400000, 0x0000000800000000)
  region size 4096K, 18 young (73728K), 3 survivors (12288K)
 Metaspace       used 26951K, committed 27264K, reserved 1073152K
  class space    used 3616K, committed 3776K, reserved 1048576K
}
Event: 115.185 GC heap after
{Heap after GC invocations=5 (full 0):
 garbage-first heap   total 122880K, used 31371K [0x0000000682400000, 0x0000000800000000)
  region size 4096K, 3 young (12288K), 3 survivors (12288K)
 Metaspace       used 26951K, committed 27264K, reserved 1073152K
  class space    used 3616K, committed 3776K, reserved 1048576K
}
Event: 122.846 GC heap before
{Heap before GC invocations=5 (full 0):
 garbage-first heap   total 122880K, used 39563K [0x0000000682400000, 0x0000000800000000)
  region size 4096K, 4 young (16384K), 3 survivors (12288K)
 Metaspace       used 27008K, committed 27328K, reserved 1073152K
  class space    used 3618K, committed 3776K, reserved 1048576K
}
Event: 122.851 GC heap after
{Heap after GC invocations=6 (full 0):
 garbage-first heap   total 122880K, used 36480K [0x0000000682400000, 0x0000000800000000)
  region size 4096K, 1 young (4096K), 1 survivors (4096K)
 Metaspace       used 27008K, committed 27328K, reserved 1073152K
  class space    used 3618K, committed 3776K, reserved 1048576K
}
Event: 128.981 GC heap before
{Heap before GC invocations=6 (full 0):
 garbage-first heap   total 122880K, used 65152K [0x0000000682400000, 0x0000000800000000)
  region size 4096K, 5 young (20480K), 1 survivors (4096K)
 Metaspace       used 27180K, committed 27456K, reserved 1073152K
  class space    used 3628K, committed 3776K, reserved 1048576K
}
Event: 128.985 GC heap after
{Heap after GC invocations=7 (full 0):
 garbage-first heap   total 122880K, used 57284K [0x0000000682400000, 0x0000000800000000)
  region size 4096K, 2 young (8192K), 2 survivors (8192K)
 Metaspace       used 27180K, committed 27456K, reserved 1073152K
  class space    used 3628K, committed 3776K, reserved 1048576K
}
Event: 131.726 GC heap before
{Heap before GC invocations=7 (full 0):
 garbage-first heap   total 122880K, used 61380K [0x0000000682400000, 0x0000000800000000)
  region size 4096K, 3 young (12288K), 2 survivors (8192K)
 Metaspace       used 27221K, committed 27520K, reserved 1073152K
  class space    used 3629K, committed 3776K, reserved 1048576K
}
Event: 131.729 GC heap after
{Heap after GC invocations=8 (full 0):
 garbage-first heap   total 122880K, used 62513K [0x0000000682400000, 0x0000000800000000)
  region size 4096K, 1 young (4096K), 1 survivors (4096K)
 Metaspace       used 27221K, committed 27520K, reserved 1073152K
  class space    used 3629K, committed 3776K, reserved 1048576K
}

