# JRE version: Java(TM) SE Runtime Environment (17.0.2+8) (build 17.0.2+8-LTS-86)
# Java VM: Java HotSpot(TM) 64-Bit Server VM (17.0.2+8-LTS-86, mixed mode, sharing, tiered, compressed oops, compressed class ptrs, g1 gc, windows-amd64)
GC Precious Log:
 CPUs: 16 total, 16 available
 Memory: 24428M
 Large Page Support: Disabled
 NUMA Support: Disabled
 Compressed Oops: Enabled (Zero based)
 Heap Region Size: 4M
 Heap Min Capacity: 8M
 Heap Initial Capacity: 384M
 Heap Max Capacity: 6108M
 Pre-touch: Disabled
 Parallel Workers: 13
 Concurrent Workers: 3
 Concurrent Refinement Workers: 13
 Periodic GC: Disabled
Heap:
 garbage-first heap   total 147456K, used 103591K [0x0000000682400000, 0x0000000800000000)
  region size 4096K, 5 young (20480K), 1 survivors (4096K)
 Metaspace       used 27322K, committed 27712K, reserved 1073152K
  class space    used 3646K, committed 3840K, reserved 1048576K
GC Heap History (14 events):
Event: 0.296 GC heap before
{Heap before GC invocations=0 (full 0):
 garbage-first heap   total 393216K, used 16384K [0x0000000682400000, 0x0000000800000000)
  region size 4096K, 5 young (20480K), 0 survivors (0K)
 Metaspace       used 4074K, committed 4160K, reserved 1056768K
  class space    used 469K, committed 512K, reserved 1048576K
}
Event: 0.297 GC heap after
{Heap after GC invocations=1 (full 0):
 garbage-first heap   total 393216K, used 2708K [0x0000000682400000, 0x0000000800000000)
  region size 4096K, 1 young (4096K), 1 survivors (4096K)
 Metaspace       used 4074K, committed 4160K, reserved 1056768K
  class space    used 469K, committed 512K, reserved 1048576K
}
Event: 1.694 GC heap before
{Heap before GC invocations=1 (full 0):
 garbage-first heap   total 393216K, used 51860K [0x0000000682400000, 0x0000000800000000)
  region size 4096K, 11 young (45056K), 1 survivors (4096K)
 Metaspace       used 14016K, committed 14272K, reserved 1064960K
  class space    used 2015K, committed 2112K, reserved 1048576K
}
Event: 1.698 GC heap after
{Heap after GC invocations=2 (full 0):
 garbage-first heap   total 393216K, used 20982K [0x0000000682400000, 0x0000000800000000)
  region size 4096K, 2 young (8192K), 2 survivors (8192K)
 Metaspace       used 14016K, committed 14272K, reserved 1064960K
  class space    used 2015K, committed 2112K, reserved 1048576K
}
Event: 19.605 GC heap before
{Heap before GC invocations=2 (full 0):
 garbage-first heap   total 393216K, used 61942K [0x0000000682400000, 0x0000000800000000)
  region size 4096K, 12 young (49152K), 2 survivors (8192K)
 Metaspace       used 21312K, committed 21504K, reserved 1073152K
  class space    used 2975K, committed 3072K, reserved 1048576K
}
Event: 19.612 GC heap after
{Heap after GC invocations=3 (full 0):
 garbage-first heap   total 393216K, used 31719K [0x0000000682400000, 0x0000000800000000)
  region size 4096K, 4 young (16384K), 4 survivors (16384K)
 Metaspace       used 21312K, committed 21504K, reserved 1073152K
  class space    used 2975K, committed 3072K, reserved 1048576K
}
Event: 50.766 GC heap before
{Heap before GC invocations=4 (full 0):
 garbage-first heap   total 139264K, used 109543K [0x0000000682400000, 0x0000000800000000)
  region size 4096K, 18 young (73728K), 4 survivors (16384K)
 Metaspace       used 26568K, committed 26880K, reserved 1073152K
  class space    used 3630K, committed 3776K, reserved 1048576K
}
Event: 50.777 GC heap after
{Heap after GC invocations=5 (full 0):
 garbage-first heap   total 147456K, used 69847K [0x0000000682400000, 0x0000000800000000)
  region size 4096K, 3 young (12288K), 3 survivors (12288K)
 Metaspace       used 26568K, committed 26880K, reserved 1073152K
  class space    used 3630K, committed 3776K, reserved 1048576K
}
Event: 57.057 GC heap before
{Heap before GC invocations=5 (full 0):
 garbage-first heap   total 147456K, used 73943K [0x0000000682400000, 0x0000000800000000)
  region size 4096K, 4 young (16384K), 3 survivors (12288K)
 Metaspace       used 26780K, committed 27136K, reserved 1073152K
  class space    used 3639K, committed 3840K, reserved 1048576K
}
Event: 57.061 GC heap after
{Heap after GC invocations=6 (full 0):
 garbage-first heap   total 147456K, used 73493K [0x0000000682400000, 0x0000000800000000)
  region size 4096K, 1 young (4096K), 1 survivors (4096K)
 Metaspace       used 26780K, committed 27136K, reserved 1073152K
  class space    used 3639K, committed 3840K, reserved 1048576K
}
Event: 63.776 GC heap before
{Heap before GC invocations=6 (full 0):
 garbage-first heap   total 147456K, used 81685K [0x0000000682400000, 0x0000000800000000)
  region size 4096K, 4 young (16384K), 1 survivors (4096K)
 Metaspace       used 26811K, committed 27200K, reserved 1073152K
  class space    used 3639K, committed 3840K, reserved 1048576K
}
Event: 63.778 GC heap after
{Heap after GC invocations=7 (full 0):
 garbage-first heap   total 147456K, used 74986K [0x0000000682400000, 0x0000000800000000)
  region size 4096K, 1 young (4096K), 1 survivors (4096K)
 Metaspace       used 26811K, committed 27200K, reserved 1073152K
  class space    used 3639K, committed 3840K, reserved 1048576K
}
Event: 109.804 GC heap before
{Heap before GC invocations=8 (full 0):
 garbage-first heap   total 147456K, used 95466K [0x0000000682400000, 0x0000000800000000)
  region size 4096K, 7 young (28672K), 1 survivors (4096K)
 Metaspace       used 27234K, committed 27584K, reserved 1073152K
  class space    used 3642K, committed 3840K, reserved 1048576K
}
Event: 109.808 GC heap after
{Heap after GC invocations=9 (full 0):
 garbage-first heap   total 147456K, used 74919K [0x0000000682400000, 0x0000000800000000)
  region size 4096K, 1 young (4096K), 1 survivors (4096K)
 Metaspace       used 27234K, committed 27584K, reserved 1073152K
  class space    used 3642K, committed 3840K, reserved 1048576K
}

