# JRE version: Java(TM) SE Runtime Environment (17.0.2+8) (build 17.0.2+8-LTS-86)
# Java VM: Java HotSpot(TM) 64-Bit Server VM (17.0.2+8-LTS-86, mixed mode, sharing, tiered, compressed oops, compressed class ptrs, g1 gc, windows-amd64)
GC Precious Log:
 CPUs: 16 total, 16 available
 Memory: 24428M
 Large Page Support: Disabled
 NUMA Support: Disabled
 Compressed Oops: Enabled (Zero based)
 Heap Region Size: 4M
 Heap Min Capacity: 8M
 Heap Initial Capacity: 384M
 Heap Max Capacity: 6108M
 Pre-touch: Disabled
 Parallel Workers: 13
 Concurrent Workers: 3
 Concurrent Refinement Workers: 13
 Periodic GC: Disabled
Heap:
 garbage-first heap   total 122880K, used 74045K [0x0000000682400000, 0x0000000800000000)
  region size 4096K, 13 young (53248K), 3 survivors (12288K)
 Metaspace       used 25346K, committed 25600K, reserved 1073152K
  class space    used 3416K, committed 3520K, reserved 1048576K
GC Heap History (6 events):
Event: 0.303 GC heap before
{Heap before GC invocations=0 (full 0):
 garbage-first heap   total 393216K, used 16384K [0x0000000682400000, 0x0000000800000000)
  region size 4096K, 5 young (20480K), 0 survivors (0K)
 Metaspace       used 4502K, committed 4608K, reserved 1056768K
  class space    used 511K, committed 576K, reserved 1048576K
}
Event: 0.305 GC heap after
{Heap after GC invocations=1 (full 0):
 garbage-first heap   total 393216K, used 2692K [0x0000000682400000, 0x0000000800000000)
  region size 4096K, 1 young (4096K), 1 survivors (4096K)
 Metaspace       used 4502K, committed 4608K, reserved 1056768K
  class space    used 511K, committed 576K, reserved 1048576K
}
Event: 1.934 GC heap before
{Heap before GC invocations=1 (full 0):
 garbage-first heap   total 393216K, used 51844K [0x0000000682400000, 0x0000000800000000)
  region size 4096K, 11 young (45056K), 1 survivors (4096K)
 Metaspace       used 14002K, committed 14272K, reserved 1064960K
  class space    used 2016K, committed 2112K, reserved 1048576K
}
Event: 1.937 GC heap after
{Heap after GC invocations=2 (full 0):
 garbage-first heap   total 393216K, used 20797K [0x0000000682400000, 0x0000000800000000)
  region size 4096K, 2 young (8192K), 2 survivors (8192K)
 Metaspace       used 14002K, committed 14272K, reserved 1064960K
  class space    used 2016K, committed 2112K, reserved 1048576K
}
Event: 29.814 GC heap before
{Heap before GC invocations=2 (full 0):
 garbage-first heap   total 393216K, used 69949K [0x0000000682400000, 0x0000000800000000)
  region size 4096K, 13 young (53248K), 2 survivors (8192K)
 Metaspace       used 21302K, committed 21504K, reserved 1073152K
  class space    used 2954K, committed 3072K, reserved 1048576K
}
Event: 29.820 GC heap after
{Heap after GC invocations=3 (full 0):
 garbage-first heap   total 393216K, used 28989K [0x0000000682400000, 0x0000000800000000)
  region size 4096K, 3 young (12288K), 3 survivors (12288K)
 Metaspace       used 21302K, committed 21504K, reserved 1073152K
  class space    used 2954K, committed 3072K, reserved 1048576K
}

