# JRE version: Java(TM) SE Runtime Environment (17.0.2+8) (build 17.0.2+8-LTS-86)
# Java VM: Java HotSpot(TM) 64-Bit Server VM (17.0.2+8-LTS-86, mixed mode, sharing, tiered, compressed oops, compressed class ptrs, g1 gc, windows-amd64)
GC Precious Log:
 CPUs: 16 total, 16 available
 Memory: 24428M
 Large Page Support: Disabled
 NUMA Support: Disabled
 Compressed Oops: Enabled (Zero based)
 Heap Region Size: 4M
 Heap Min Capacity: 8M
 Heap Initial Capacity: 384M
 Heap Max Capacity: 6108M
 Pre-touch: Disabled
 Parallel Workers: 13
 Concurrent Workers: 3
 Concurrent Refinement Workers: 13
 Periodic GC: Disabled
Heap:
 garbage-first heap   total 110592K, used 52601K [0x0000000682400000, 0x0000000800000000)
  region size 4096K, 6 young (24576K), 1 survivors (4096K)
 Metaspace       used 25644K, committed 25984K, reserved 1073152K
  class space    used 3423K, committed 3584K, reserved 1048576K
GC Heap History (10 events):
Event: 0.295 GC heap before
{Heap before GC invocations=0 (full 0):
 garbage-first heap   total 393216K, used 16384K [0x0000000682400000, 0x0000000800000000)
  region size 4096K, 5 young (20480K), 0 survivors (0K)
 Metaspace       used 4075K, committed 4160K, reserved 1056768K
  class space    used 470K, committed 512K, reserved 1048576K
}
Event: 0.297 GC heap after
{Heap after GC invocations=1 (full 0):
 garbage-first heap   total 393216K, used 2748K [0x0000000682400000, 0x0000000800000000)
  region size 4096K, 1 young (4096K), 1 survivors (4096K)
 Metaspace       used 4075K, committed 4160K, reserved 1056768K
  class space    used 470K, committed 512K, reserved 1048576K
}
Event: 1.697 GC heap before
{Heap before GC invocations=1 (full 0):
 garbage-first heap   total 393216K, used 51900K [0x0000000682400000, 0x0000000800000000)
  region size 4096K, 11 young (45056K), 1 survivors (4096K)
 Metaspace       used 14131K, committed 14336K, reserved 1064960K
  class space    used 2039K, committed 2112K, reserved 1048576K
}
Event: 1.701 GC heap after
{Heap after GC invocations=2 (full 0):
 garbage-first heap   total 393216K, used 16597K [0x0000000682400000, 0x0000000800000000)
  region size 4096K, 2 young (8192K), 2 survivors (8192K)
 Metaspace       used 14131K, committed 14336K, reserved 1064960K
  class space    used 2039K, committed 2112K, reserved 1048576K
}
Event: 20.336 GC heap before
{Heap before GC invocations=2 (full 0):
 garbage-first heap   total 393216K, used 53461K [0x0000000682400000, 0x0000000800000000)
  region size 4096K, 11 young (45056K), 2 survivors (8192K)
 Metaspace       used 21303K, committed 21504K, reserved 1073152K
  class space    used 2965K, committed 3072K, reserved 1048576K
}
Event: 20.341 GC heap after
{Heap after GC invocations=3 (full 0):
 garbage-first heap   total 393216K, used 24327K [0x0000000682400000, 0x0000000800000000)
  region size 4096K, 3 young (12288K), 3 survivors (12288K)
 Metaspace       used 21303K, committed 21504K, reserved 1073152K
  class space    used 2965K, committed 3072K, reserved 1048576K
}
Event: 70.446 GC heap before
{Heap before GC invocations=4 (full 0):
 garbage-first heap   total 110592K, used 81671K [0x0000000682400000, 0x0000000800000000)
  region size 4096K, 16 young (65536K), 3 survivors (12288K)
 Metaspace       used 25422K, committed 25728K, reserved 1073152K
  class space    used 3418K, committed 3584K, reserved 1048576K
}
Event: 70.454 GC heap after
{Heap after GC invocations=5 (full 0):
 garbage-first heap   total 110592K, used 25411K [0x0000000682400000, 0x0000000800000000)
  region size 4096K, 2 young (8192K), 2 survivors (8192K)
 Metaspace       used 25422K, committed 25728K, reserved 1073152K
  class space    used 3418K, committed 3584K, reserved 1048576K
}
Event: 70.464 GC heap before
{Heap before GC invocations=5 (full 0):
 garbage-first heap   total 110592K, used 29507K [0x0000000682400000, 0x0000000800000000)
  region size 4096K, 3 young (12288K), 2 survivors (8192K)
 Metaspace       used 25427K, committed 25728K, reserved 1073152K
  class space    used 3418K, committed 3584K, reserved 1048576K
}
Event: 70.468 GC heap after
{Heap after GC invocations=6 (full 0):
 garbage-first heap   total 110592K, used 28025K [0x0000000682400000, 0x0000000800000000)
  region size 4096K, 1 young (4096K), 1 survivors (4096K)
 Metaspace       used 25427K, committed 25728K, reserved 1073152K
  class space    used 3418K, committed 3584K, reserved 1048576K
}

