# JRE version: Java(TM) SE Runtime Environment (17.0.2+8) (build 17.0.2+8-LTS-86)
# Java VM: Java HotSpot(TM) 64-Bit Server VM (17.0.2+8-LTS-86, mixed mode, sharing, tiered, compressed oops, compressed class ptrs, g1 gc, windows-amd64)
GC Precious Log:
 CPUs: 16 total, 16 available
 Memory: 24428M
 Large Page Support: Disabled
 NUMA Support: Disabled
 Compressed Oops: Enabled (Zero based)
 Heap Region Size: 4M
 Heap Min Capacity: 8M
 Heap Initial Capacity: 384M
 Heap Max Capacity: 6108M
 Pre-touch: Disabled
 Parallel Workers: 13
 Concurrent Workers: 3
 Concurrent Refinement Workers: 13
 Periodic GC: Disabled
Heap:
 garbage-first heap   total 122880K, used 90187K [0x0000000682400000, 0x0000000800000000)
  region size 4096K, 11 young (45056K), 1 survivors (4096K)
 Metaspace       used 25649K, committed 25984K, reserved 1073152K
  class space    used 3329K, committed 3520K, reserved 1048576K
GC Heap History (10 events):
Event: 0.303 GC heap before
{Heap before GC invocations=0 (full 0):
 garbage-first heap   total 393216K, used 16384K [0x0000000682400000, 0x0000000800000000)
  region size 4096K, 5 young (20480K), 0 survivors (0K)
 Metaspace       used 4074K, committed 4160K, reserved 1056768K
  class space    used 469K, committed 512K, reserved 1048576K
}
Event: 0.305 GC heap after
{Heap after GC invocations=1 (full 0):
 garbage-first heap   total 393216K, used 2749K [0x0000000682400000, 0x0000000800000000)
  region size 4096K, 1 young (4096K), 1 survivors (4096K)
 Metaspace       used 4074K, committed 4160K, reserved 1056768K
  class space    used 469K, committed 512K, reserved 1048576K
}
Event: 1.862 GC heap before
{Heap before GC invocations=1 (full 0):
 garbage-first heap   total 393216K, used 55997K [0x0000000682400000, 0x0000000800000000)
  region size 4096K, 11 young (45056K), 1 survivors (4096K)
 Metaspace       used 14163K, committed 14464K, reserved 1064960K
  class space    used 2051K, committed 2176K, reserved 1048576K
}
Event: 1.866 GC heap after
{Heap after GC invocations=2 (full 0):
 garbage-first heap   total 393216K, used 21600K [0x0000000682400000, 0x0000000800000000)
  region size 4096K, 2 young (8192K), 2 survivors (8192K)
 Metaspace       used 14163K, committed 14464K, reserved 1064960K
  class space    used 2051K, committed 2176K, reserved 1048576K
}
Event: 4.957 GC heap before
{Heap before GC invocations=2 (full 0):
 garbage-first heap   total 393216K, used 50272K [0x0000000682400000, 0x0000000800000000)
  region size 4096K, 10 young (40960K), 2 survivors (8192K)
 Metaspace       used 21259K, committed 21504K, reserved 1073152K
  class space    used 2835K, committed 3008K, reserved 1048576K
}
Event: 4.964 GC heap after
{Heap after GC invocations=3 (full 0):
 garbage-first heap   total 393216K, used 27152K [0x0000000682400000, 0x0000000800000000)
  region size 4096K, 4 young (16384K), 4 survivors (16384K)
 Metaspace       used 21259K, committed 21504K, reserved 1073152K
  class space    used 2835K, committed 3008K, reserved 1048576K
}
Event: 55.093 GC heap before
{Heap before GC invocations=4 (full 0):
 garbage-first heap   total 122880K, used 84496K [0x0000000682400000, 0x0000000800000000)
  region size 4096K, 18 young (73728K), 4 survivors (16384K)
 Metaspace       used 25269K, committed 25600K, reserved 1073152K
  class space    used 3311K, committed 3456K, reserved 1048576K
}
Event: 55.101 GC heap after
{Heap after GC invocations=5 (full 0):
 garbage-first heap   total 122880K, used 34652K [0x0000000682400000, 0x0000000800000000)
  region size 4096K, 2 young (8192K), 2 survivors (8192K)
 Metaspace       used 25269K, committed 25600K, reserved 1073152K
  class space    used 3311K, committed 3456K, reserved 1048576K
}
Event: 55.112 GC heap before
{Heap before GC invocations=5 (full 0):
 garbage-first heap   total 122880K, used 38748K [0x0000000682400000, 0x0000000800000000)
  region size 4096K, 3 young (12288K), 2 survivors (8192K)
 Metaspace       used 25272K, committed 25600K, reserved 1073152K
  class space    used 3311K, committed 3456K, reserved 1048576K
}
Event: 55.115 GC heap after
{Heap after GC invocations=6 (full 0):
 garbage-first heap   total 122880K, used 36939K [0x0000000682400000, 0x0000000800000000)
  region size 4096K, 1 young (4096K), 1 survivors (4096K)
 Metaspace       used 25272K, committed 25600K, reserved 1073152K
  class space    used 3311K, committed 3456K, reserved 1048576K
}

