# JRE version: Java(TM) SE Runtime Environment (16.0.1+9) (build 16.0.1+9-24)
# Java VM: Java HotSpot(TM) 64-Bit Server VM (16.0.1+9-24, mixed mode, sharing, tiered, compressed oops, compressed class ptrs, g1 gc, windows-amd64)
GC Precious Log:
 CPUs: 4 total, 4 available
 Memory: 16255M
 Large Page Support: Disabled
 NUMA Support: Disabled
 Compressed Oops: Enabled (Zero based)
 Heap Region Size: 2M
 Heap Min Capacity: 8M
 Heap Initial Capacity: 254M
 Heap Max Capacity: 4064M
 Pre-touch: Disabled
 Parallel Workers: 4
 Concurrent Workers: 1
 Concurrent Refinement Workers: 4
 Periodic GC: Disabled
Heap:
 garbage-first heap   total 260096K, used 23933K [0x0000000702000000, 0x0000000800000000)
  region size 2048K, 4 young (8192K), 1 survivors (2048K)
 Metaspace       used 19416K, committed 19648K, reserved 1073152K
  class space    used 2696K, committed 2816K, reserved 1048576K
GC Heap History (8 events):
Event: 0.481 GC heap before
{Heap before GC invocations=0 (full 0):
 garbage-first heap   total 260096K, used 10240K [0x0000000702000000, 0x0000000800000000)
  region size 2048K, 6 young (12288K), 0 survivors (0K)
 Metaspace       used 2310K, committed 2432K, reserved 1056768K
  class space    used 234K, committed 320K, reserved 1048576K
}
Event: 0.484 GC heap after
{Heap after GC invocations=1 (full 0):
 garbage-first heap   total 260096K, used 1890K [0x0000000702000000, 0x0000000800000000)
  region size 2048K, 1 young (2048K), 1 survivors (2048K)
 Metaspace       used 2310K, committed 2432K, reserved 1056768K
  class space    used 234K, committed 320K, reserved 1048576K
}
Event: 0.840 GC heap before
{Heap before GC invocations=1 (full 0):
 garbage-first heap   total 260096K, used 16226K [0x0000000702000000, 0x0000000800000000)
  region size 2048K, 9 young (18432K), 1 survivors (2048K)
 Metaspace       used 7627K, committed 7808K, reserved 1064960K
  class space    used 948K, committed 1024K, reserved 1048576K
}
Event: 0.846 GC heap after
{Heap after GC invocations=2 (full 0):
 garbage-first heap   total 260096K, used 4577K [0x0000000702000000, 0x0000000800000000)
  region size 2048K, 2 young (4096K), 2 survivors (4096K)
 Metaspace       used 7627K, committed 7808K, reserved 1064960K
  class space    used 948K, committed 1024K, reserved 1048576K
}
Event: 94.266 GC heap before
{Heap before GC invocations=2 (full 0):
 garbage-first heap   total 260096K, used 72161K [0x0000000702000000, 0x0000000800000000)
  region size 2048K, 35 young (71680K), 2 survivors (4096K)
 Metaspace       used 19157K, committed 19456K, reserved 1073152K
  class space    used 2669K, committed 2816K, reserved 1048576K
}
Event: 94.286 GC heap after
{Heap after GC invocations=3 (full 0):
 garbage-first heap   total 260096K, used 18199K [0x0000000702000000, 0x0000000800000000)
  region size 2048K, 5 young (10240K), 5 survivors (10240K)
 Metaspace       used 19157K, committed 19456K, reserved 1073152K
  class space    used 2669K, committed 2816K, reserved 1048576K
}
Event: 94.731 GC heap before
{Heap before GC invocations=3 (full 0):
 garbage-first heap   total 260096K, used 20247K [0x0000000702000000, 0x0000000800000000)
  region size 2048K, 6 young (12288K), 5 survivors (10240K)
 Metaspace       used 19334K, committed 19584K, reserved 1073152K
  class space    used 2695K, committed 2816K, reserved 1048576K
}
Event: 94.748 GC heap after
{Heap after GC invocations=4 (full 0):
 garbage-first heap   total 260096K, used 19837K [0x0000000702000000, 0x0000000800000000)
  region size 2048K, 1 young (2048K), 1 survivors (2048K)
 Metaspace       used 19334K, committed 19584K, reserved 1073152K
  class space    used 2695K, committed 2816K, reserved 1048576K
}

