# JRE version: Java(TM) SE Runtime Environment (17.0.2+8) (build 17.0.2+8-LTS-86)
# Java VM: Java HotSpot(TM) 64-Bit Server VM (17.0.2+8-LTS-86, mixed mode, sharing, tiered, compressed oops, compressed class ptrs, g1 gc, windows-amd64)
GC Precious Log:
 CPUs: 16 total, 16 available
 Memory: 24428M
 Large Page Support: Disabled
 NUMA Support: Disabled
 Compressed Oops: Enabled (Zero based)
 Heap Region Size: 4M
 Heap Min Capacity: 8M
 Heap Initial Capacity: 384M
 Heap Max Capacity: 6108M
 Pre-touch: Disabled
 Parallel Workers: 13
 Concurrent Workers: 3
 Concurrent Refinement Workers: 13
 Periodic GC: Disabled
Heap:
 garbage-first heap   total 151552K, used 79295K [0x0000000682400000, 0x0000000800000000)
  region size 4096K, 2 young (8192K), 1 survivors (4096K)
 Metaspace       used 27604K, committed 27968K, reserved 1073152K
  class space    used 3665K, committed 3840K, reserved 1048576K
GC Heap History (14 events):
Event: 0.523 GC heap before
{Heap before GC invocations=0 (full 0):
 garbage-first heap   total 393216K, used 16384K [0x0000000682400000, 0x0000000800000000)
  region size 4096K, 5 young (20480K), 0 survivors (0K)
 Metaspace       used 4507K, committed 4608K, reserved 1056768K
  class space    used 513K, committed 576K, reserved 1048576K
}
Event: 0.525 GC heap after
{Heap after GC invocations=1 (full 0):
 garbage-first heap   total 393216K, used 2762K [0x0000000682400000, 0x0000000800000000)
  region size 4096K, 1 young (4096K), 1 survivors (4096K)
 Metaspace       used 4507K, committed 4608K, reserved 1056768K
  class space    used 513K, committed 576K, reserved 1048576K
}
Event: 2.450 GC heap before
{Heap before GC invocations=1 (full 0):
 garbage-first heap   total 393216K, used 56010K [0x0000000682400000, 0x0000000800000000)
  region size 4096K, 11 young (45056K), 1 survivors (4096K)
 Metaspace       used 13999K, committed 14272K, reserved 1064960K
  class space    used 2014K, committed 2112K, reserved 1048576K
}
Event: 2.453 GC heap after
{Heap after GC invocations=2 (full 0):
 garbage-first heap   total 393216K, used 20844K [0x0000000682400000, 0x0000000800000000)
  region size 4096K, 2 young (8192K), 2 survivors (8192K)
 Metaspace       used 13999K, committed 14272K, reserved 1064960K
  class space    used 2014K, committed 2112K, reserved 1048576K
}
Event: 43.008 GC heap before
{Heap before GC invocations=2 (full 0):
 garbage-first heap   total 393216K, used 74092K [0x0000000682400000, 0x0000000800000000)
  region size 4096K, 15 young (61440K), 2 survivors (8192K)
 Metaspace       used 21286K, committed 21504K, reserved 1073152K
  class space    used 2940K, committed 3072K, reserved 1048576K
}
Event: 43.015 GC heap after
{Heap after GC invocations=3 (full 0):
 garbage-first heap   total 393216K, used 34927K [0x0000000682400000, 0x0000000800000000)
  region size 4096K, 5 young (20480K), 5 survivors (20480K)
 Metaspace       used 21286K, committed 21504K, reserved 1073152K
  class space    used 2940K, committed 3072K, reserved 1048576K
}
Event: 87.129 GC heap before
{Heap before GC invocations=4 (full 0):
 garbage-first heap   total 151552K, used 104559K [0x0000000682400000, 0x0000000800000000)
  region size 4096K, 22 young (90112K), 5 survivors (20480K)
 Metaspace       used 27195K, committed 27584K, reserved 1073152K
  class space    used 3651K, committed 3840K, reserved 1048576K
}
Event: 87.139 GC heap after
{Heap after GC invocations=5 (full 0):
 garbage-first heap   total 151552K, used 43312K [0x0000000682400000, 0x0000000800000000)
  region size 4096K, 3 young (12288K), 3 survivors (12288K)
 Metaspace       used 27195K, committed 27584K, reserved 1073152K
  class space    used 3651K, committed 3840K, reserved 1048576K
}
Event: 87.147 GC heap before
{Heap before GC invocations=5 (full 0):
 garbage-first heap   total 151552K, used 47408K [0x0000000682400000, 0x0000000800000000)
  region size 4096K, 4 young (16384K), 3 survivors (12288K)
 Metaspace       used 27196K, committed 27584K, reserved 1073152K
  class space    used 3651K, committed 3840K, reserved 1048576K
}
Event: 87.150 GC heap after
{Heap after GC invocations=6 (full 0):
 garbage-first heap   total 151552K, used 45485K [0x0000000682400000, 0x0000000800000000)
  region size 4096K, 1 young (4096K), 1 survivors (4096K)
 Metaspace       used 27196K, committed 27584K, reserved 1073152K
  class space    used 3651K, committed 3840K, reserved 1048576K
}
Event: 98.805 GC heap before
{Heap before GC invocations=6 (full 0):
 garbage-first heap   total 151552K, used 78253K [0x0000000682400000, 0x0000000800000000)
  region size 4096K, 6 young (24576K), 1 survivors (4096K)
 Metaspace       used 27498K, committed 27840K, reserved 1073152K
  class space    used 3659K, committed 3840K, reserved 1048576K
}
Event: 98.808 GC heap after
{Heap after GC invocations=7 (full 0):
 garbage-first heap   total 151552K, used 72681K [0x0000000682400000, 0x0000000800000000)
  region size 4096K, 2 young (8192K), 2 survivors (8192K)
 Metaspace       used 27498K, committed 27840K, reserved 1073152K
  class space    used 3659K, committed 3840K, reserved 1048576K
}
Event: 104.508 GC heap before
{Heap before GC invocations=7 (full 0):
 garbage-first heap   total 151552K, used 80873K [0x0000000682400000, 0x0000000800000000)
  region size 4096K, 4 young (16384K), 2 survivors (8192K)
 Metaspace       used 27581K, committed 27904K, reserved 1073152K
  class space    used 3664K, committed 3840K, reserved 1048576K
}
Event: 104.510 GC heap after
{Heap after GC invocations=8 (full 0):
 garbage-first heap   total 151552K, used 79295K [0x0000000682400000, 0x0000000800000000)
  region size 4096K, 1 young (4096K), 1 survivors (4096K)
 Metaspace       used 27581K, committed 27904K, reserved 1073152K
  class space    used 3664K, committed 3840K, reserved 1048576K
}

