# JRE version: Java(TM) SE Runtime Environment (16.0.1+9) (build 16.0.1+9-24)
# Java VM: Java HotSpot(TM) 64-Bit Server VM (16.0.1+9-24, mixed mode, sharing, tiered, compressed oops, compressed class ptrs, g1 gc, windows-amd64)
GC Precious Log:
 CPUs: 4 total, 4 available
 Memory: 16255M
 Large Page Support: Disabled
 NUMA Support: Disabled
 Compressed Oops: Enabled (Zero based)
 Heap Region Size: 2M
 Heap Min Capacity: 8M
 Heap Initial Capacity: 254M
 Heap Max Capacity: 4064M
 Pre-touch: Disabled
 Parallel Workers: 4
 Concurrent Workers: 1
 Concurrent Refinement Workers: 4
 Periodic GC: Disabled
Heap:
 garbage-first heap   total 260096K, used 126100K [0x0000000702000000, 0x0000000800000000)
  region size 2048K, 16 young (32768K), 3 survivors (6144K)
 Metaspace       used 21411K, committed 21632K, reserved 1073152K
  class space    used 2849K, committed 2944K, reserved 1048576K
GC Heap History (20 events):
Event: 0.583 GC heap before
{Heap before GC invocations=0 (full 0):
 garbage-first heap   total 260096K, used 10240K [0x0000000702000000, 0x0000000800000000)
  region size 2048K, 6 young (12288K), 0 survivors (0K)
 Metaspace       used 2356K, committed 2560K, reserved 1056768K
  class space    used 234K, committed 320K, reserved 1048576K
}
Event: 0.586 GC heap after
{Heap after GC invocations=1 (full 0):
 garbage-first heap   total 260096K, used 1828K [0x0000000702000000, 0x0000000800000000)
  region size 2048K, 1 young (2048K), 1 survivors (2048K)
 Metaspace       used 2356K, committed 2560K, reserved 1056768K
  class space    used 234K, committed 320K, reserved 1048576K
}
Event: 0.895 GC heap before
{Heap before GC invocations=1 (full 0):
 garbage-first heap   total 260096K, used 16164K [0x0000000702000000, 0x0000000800000000)
  region size 2048K, 9 young (18432K), 1 survivors (2048K)
 Metaspace       used 7639K, committed 7808K, reserved 1064960K
  class space    used 948K, committed 1024K, reserved 1048576K
}
Event: 0.900 GC heap after
{Heap after GC invocations=2 (full 0):
 garbage-first heap   total 260096K, used 4871K [0x0000000702000000, 0x0000000800000000)
  region size 2048K, 2 young (4096K), 2 survivors (4096K)
 Metaspace       used 7639K, committed 7808K, reserved 1064960K
  class space    used 948K, committed 1024K, reserved 1048576K
}
Event: 125.983 GC heap before
{Heap before GC invocations=2 (full 0):
 garbage-first heap   total 260096K, used 88839K [0x0000000702000000, 0x0000000800000000)
  region size 2048K, 42 young (86016K), 2 survivors (4096K)
 Metaspace       used 19670K, committed 19904K, reserved 1073152K
  class space    used 2690K, committed 2816K, reserved 1048576K
}
Event: 126.006 GC heap after
{Heap after GC invocations=3 (full 0):
 garbage-first heap   total 260096K, used 19505K [0x0000000702000000, 0x0000000800000000)
  region size 2048K, 6 young (12288K), 6 survivors (12288K)
 Metaspace       used 19670K, committed 19904K, reserved 1073152K
  class space    used 2690K, committed 2816K, reserved 1048576K
}
Event: 130.846 GC heap before
{Heap before GC invocations=3 (full 0):
 garbage-first heap   total 260096K, used 21553K [0x0000000702000000, 0x0000000800000000)
  region size 2048K, 7 young (14336K), 6 survivors (12288K)
 Metaspace       used 19691K, committed 19968K, reserved 1073152K
  class space    used 2690K, committed 2816K, reserved 1048576K
}
Event: 130.868 GC heap after
{Heap after GC invocations=4 (full 0):
 garbage-first heap   total 260096K, used 21370K [0x0000000702000000, 0x0000000800000000)
  region size 2048K, 1 young (2048K), 1 survivors (2048K)
 Metaspace       used 19691K, committed 19968K, reserved 1073152K
  class space    used 2690K, committed 2816K, reserved 1048576K
}
Event: 170.178 GC heap before
{Heap before GC invocations=4 (full 0):
 garbage-first heap   total 260096K, used 109434K [0x0000000702000000, 0x0000000800000000)
  region size 2048K, 8 young (16384K), 1 survivors (2048K)
 Metaspace       used 20319K, committed 20544K, reserved 1073152K
  class space    used 2732K, committed 2816K, reserved 1048576K
}
Event: 170.182 GC heap after
{Heap after GC invocations=5 (full 0):
 garbage-first heap   total 260096K, used 22484K [0x0000000702000000, 0x0000000800000000)
  region size 2048K, 2 young (4096K), 2 survivors (4096K)
 Metaspace       used 20319K, committed 20544K, reserved 1073152K
  class space    used 2732K, committed 2816K, reserved 1048576K
}
Event: 175.160 GC heap before
{Heap before GC invocations=5 (full 0):
 garbage-first heap   total 260096K, used 98260K [0x0000000702000000, 0x0000000800000000)
  region size 2048K, 3 young (6144K), 2 survivors (4096K)
 Metaspace       used 20323K, committed 20544K, reserved 1073152K
  class space    used 2732K, committed 2816K, reserved 1048576K
}
Event: 175.163 GC heap after
{Heap after GC invocations=6 (full 0):
 garbage-first heap   total 260096K, used 22548K [0x0000000702000000, 0x0000000800000000)
  region size 2048K, 2 young (4096K), 2 survivors (4096K)
 Metaspace       used 20323K, committed 20544K, reserved 1073152K
  class space    used 2732K, committed 2816K, reserved 1048576K
}
Event: 186.451 GC heap before
{Heap before GC invocations=6 (full 0):
 garbage-first heap   total 260096K, used 106516K [0x0000000702000000, 0x0000000800000000)
  region size 2048K, 6 young (12288K), 2 survivors (4096K)
 Metaspace       used 20383K, committed 20608K, reserved 1073152K
  class space    used 2733K, committed 2816K, reserved 1048576K
}
Event: 186.455 GC heap after
{Heap after GC invocations=7 (full 0):
 garbage-first heap   total 260096K, used 24374K [0x0000000702000000, 0x0000000800000000)
  region size 2048K, 2 young (4096K), 2 survivors (4096K)
 Metaspace       used 20383K, committed 20608K, reserved 1073152K
  class space    used 2733K, committed 2816K, reserved 1048576K
}
Event: 192.836 GC heap before
{Heap before GC invocations=7 (full 0):
 garbage-first heap   total 260096K, used 100150K [0x0000000702000000, 0x0000000800000000)
  region size 2048K, 3 young (6144K), 2 survivors (4096K)
 Metaspace       used 20389K, committed 20608K, reserved 1073152K
  class space    used 2733K, committed 2816K, reserved 1048576K
}
Event: 192.840 GC heap after
{Heap after GC invocations=8 (full 0):
 garbage-first heap   total 260096K, used 24629K [0x0000000702000000, 0x0000000800000000)
  region size 2048K, 2 young (4096K), 2 survivors (4096K)
 Metaspace       used 20389K, committed 20608K, reserved 1073152K
  class space    used 2733K, committed 2816K, reserved 1048576K
}
Event: 197.526 GC heap before
{Heap before GC invocations=8 (full 0):
 garbage-first heap   total 260096K, used 104501K [0x0000000702000000, 0x0000000800000000)
  region size 2048K, 5 young (10240K), 2 survivors (4096K)
 Metaspace       used 20452K, committed 20672K, reserved 1073152K
  class space    used 2742K, committed 2816K, reserved 1048576K
}
Event: 197.529 GC heap after
{Heap after GC invocations=9 (full 0):
 garbage-first heap   total 260096K, used 24508K [0x0000000702000000, 0x0000000800000000)
  region size 2048K, 2 young (4096K), 2 survivors (4096K)
 Metaspace       used 20452K, committed 20672K, reserved 1073152K
  class space    used 2742K, committed 2816K, reserved 1048576K
}
Event: 201.332 GC heap before
{Heap before GC invocations=9 (full 0):
 garbage-first heap   total 260096K, used 108476K [0x0000000702000000, 0x0000000800000000)
  region size 2048K, 7 young (14336K), 2 survivors (4096K)
 Metaspace       used 21051K, committed 21248K, reserved 1073152K
  class space    used 2827K, committed 2944K, reserved 1048576K
}
Event: 201.338 GC heap after
{Heap after GC invocations=10 (full 0):
 garbage-first heap   total 260096K, used 103572K [0x0000000702000000, 0x0000000800000000)
  region size 2048K, 3 young (6144K), 3 survivors (6144K)
 Metaspace       used 21051K, committed 21248K, reserved 1073152K
  class space    used 2827K, committed 2944K, reserved 1048576K
}

