# JRE version: Java(TM) SE Runtime Environment (17.0.2+8) (build 17.0.2+8-LTS-86)
# Java VM: Java HotSpot(TM) 64-Bit Server VM (17.0.2+8-LTS-86, mixed mode, sharing, tiered, compressed oops, compressed class ptrs, g1 gc, windows-amd64)
GC Precious Log:
 CPUs: 16 total, 16 available
 Memory: 24428M
 Large Page Support: Disabled
 NUMA Support: Disabled
 Compressed Oops: Enabled (Zero based)
 Heap Region Size: 4M
 Heap Min Capacity: 8M
 Heap Initial Capacity: 384M
 Heap Max Capacity: 6108M
 Pre-touch: Disabled
 Parallel Workers: 13
 Concurrent Workers: 3
 Concurrent Refinement Workers: 13
 Periodic GC: Disabled
Heap:
 garbage-first heap   total 139264K, used 56283K [0x0000000682400000, 0x0000000800000000)
  region size 4096K, 4 young (16384K), 2 survivors (8192K)
 Metaspace       used 26205K, committed 26496K, reserved 1073152K
  class space    used 3431K, committed 3584K, reserved 1048576K
GC Heap History (12 events):
Event: 0.321 GC heap before
{Heap before GC invocations=0 (full 0):
 garbage-first heap   total 393216K, used 16384K [0x0000000682400000, 0x0000000800000000)
  region size 4096K, 5 young (20480K), 0 survivors (0K)
 Metaspace       used 4505K, committed 4608K, reserved 1056768K
  class space    used 512K, committed 576K, reserved 1048576K
}
Event: 0.322 GC heap after
{Heap after GC invocations=1 (full 0):
 garbage-first heap   total 393216K, used 2819K [0x0000000682400000, 0x0000000800000000)
  region size 4096K, 1 young (4096K), 1 survivors (4096K)
 Metaspace       used 4505K, committed 4608K, reserved 1056768K
  class space    used 512K, committed 576K, reserved 1048576K
}
Event: 1.787 GC heap before
{Heap before GC invocations=1 (full 0):
 garbage-first heap   total 393216K, used 51971K [0x0000000682400000, 0x0000000800000000)
  region size 4096K, 11 young (45056K), 1 survivors (4096K)
 Metaspace       used 14180K, committed 14464K, reserved 1064960K
  class space    used 2058K, committed 2176K, reserved 1048576K
}
Event: 1.791 GC heap after
{Heap after GC invocations=2 (full 0):
 garbage-first heap   total 393216K, used 20865K [0x0000000682400000, 0x0000000800000000)
  region size 4096K, 2 young (8192K), 2 survivors (8192K)
 Metaspace       used 14180K, committed 14464K, reserved 1064960K
  class space    used 2058K, committed 2176K, reserved 1048576K
}
Event: 19.240 GC heap before
{Heap before GC invocations=2 (full 0):
 garbage-first heap   total 393216K, used 70017K [0x0000000682400000, 0x0000000800000000)
  region size 4096K, 14 young (57344K), 2 survivors (8192K)
 Metaspace       used 21289K, committed 21504K, reserved 1073152K
  class space    used 2947K, committed 3072K, reserved 1048576K
}
Event: 19.247 GC heap after
{Heap after GC invocations=3 (full 0):
 garbage-first heap   total 393216K, used 33106K [0x0000000682400000, 0x0000000800000000)
  region size 4096K, 4 young (16384K), 4 survivors (16384K)
 Metaspace       used 21289K, committed 21504K, reserved 1073152K
  class space    used 2947K, committed 3072K, reserved 1048576K
}
Event: 93.733 GC heap before
{Heap before GC invocations=4 (full 0):
 garbage-first heap   total 139264K, used 106834K [0x0000000682400000, 0x0000000800000000)
  region size 4096K, 20 young (81920K), 4 survivors (16384K)
 Metaspace       used 25725K, committed 26112K, reserved 1073152K
  class space    used 3418K, committed 3584K, reserved 1048576K
}
Event: 93.742 GC heap after
{Heap after GC invocations=5 (full 0):
 garbage-first heap   total 139264K, used 42920K [0x0000000682400000, 0x0000000800000000)
  region size 4096K, 3 young (12288K), 3 survivors (12288K)
 Metaspace       used 25725K, committed 26112K, reserved 1073152K
  class space    used 3418K, committed 3584K, reserved 1048576K
}
Event: 98.987 GC heap before
{Heap before GC invocations=5 (full 0):
 garbage-first heap   total 139264K, used 47016K [0x0000000682400000, 0x0000000800000000)
  region size 4096K, 4 young (16384K), 3 survivors (12288K)
 Metaspace       used 25736K, committed 26112K, reserved 1073152K
  class space    used 3418K, committed 3584K, reserved 1048576K
}
Event: 98.990 GC heap after
{Heap after GC invocations=6 (full 0):
 garbage-first heap   total 139264K, used 44315K [0x0000000682400000, 0x0000000800000000)
  region size 4096K, 1 young (4096K), 1 survivors (4096K)
 Metaspace       used 25736K, committed 26112K, reserved 1073152K
  class space    used 3418K, committed 3584K, reserved 1048576K
}
Event: 141.728 GC heap before
{Heap before GC invocations=6 (full 0):
 garbage-first heap   total 139264K, used 101659K [0x0000000682400000, 0x0000000800000000)
  region size 4096K, 13 young (53248K), 1 survivors (4096K)
 Metaspace       used 26180K, committed 26496K, reserved 1073152K
  class space    used 3429K, committed 3584K, reserved 1048576K
}
Event: 141.732 GC heap after
{Heap after GC invocations=7 (full 0):
 garbage-first heap   total 139264K, used 48091K [0x0000000682400000, 0x0000000800000000)
  region size 4096K, 2 young (8192K), 2 survivors (8192K)
 Metaspace       used 26180K, committed 26496K, reserved 1073152K
  class space    used 3429K, committed 3584K, reserved 1048576K
}

