# JRE version: Java(TM) SE Runtime Environment (16.0.1+9) (build 16.0.1+9-24)
# Java VM: Java HotSpot(TM) 64-Bit Server VM (16.0.1+9-24, mixed mode, sharing, tiered, compressed oops, compressed class ptrs, g1 gc, windows-amd64)
GC Precious Log:
 CPUs: 4 total, 4 available
 Memory: 16255M
 Large Page Support: Disabled
 NUMA Support: Disabled
 Compressed Oops: Enabled (Zero based)
 Heap Region Size: 2M
 Heap Min Capacity: 8M
 Heap Initial Capacity: 254M
 Heap Max Capacity: 4064M
 Pre-touch: Disabled
 Parallel Workers: 4
 Concurrent Workers: 1
 Concurrent Refinement Workers: 4
 Periodic GC: Disabled
Heap:
 garbage-first heap   total 260096K, used 161939K [0x0000000702000000, 0x0000000800000000)
  region size 2048K, 33 young (67584K), 5 survivors (10240K)
 Metaspace       used 21570K, committed 21888K, reserved 1073152K
  class space    used 2844K, committed 3008K, reserved 1048576K
GC Heap History (20 events):
Event: 1.559 GC heap before
{Heap before GC invocations=1 (full 0):
 garbage-first heap   total 260096K, used 16156K [0x0000000702000000, 0x0000000800000000)
  region size 2048K, 9 young (18432K), 1 survivors (2048K)
 Metaspace       used 7619K, committed 7808K, reserved 1064960K
  class space    used 942K, committed 1024K, reserved 1048576K
}
Event: 1.568 GC heap after
{Heap after GC invocations=2 (full 0):
 garbage-first heap   total 260096K, used 4503K [0x0000000702000000, 0x0000000800000000)
  region size 2048K, 2 young (4096K), 2 survivors (4096K)
 Metaspace       used 7619K, committed 7808K, reserved 1064960K
  class space    used 942K, committed 1024K, reserved 1048576K
}
Event: 138.664 GC heap before
{Heap before GC invocations=2 (full 0):
 garbage-first heap   total 260096K, used 90519K [0x0000000702000000, 0x0000000800000000)
  region size 2048K, 43 young (88064K), 2 survivors (4096K)
 Metaspace       used 19556K, committed 19776K, reserved 1073152K
  class space    used 2675K, committed 2816K, reserved 1048576K
}
Event: 138.689 GC heap after
{Heap after GC invocations=3 (full 0):
 garbage-first heap   total 260096K, used 21678K [0x0000000702000000, 0x0000000800000000)
  region size 2048K, 6 young (12288K), 6 survivors (12288K)
 Metaspace       used 19556K, committed 19776K, reserved 1073152K
  class space    used 2675K, committed 2816K, reserved 1048576K
}
Event: 140.150 GC heap before
{Heap before GC invocations=3 (full 0):
 garbage-first heap   total 260096K, used 23726K [0x0000000702000000, 0x0000000800000000)
  region size 2048K, 7 young (14336K), 6 survivors (12288K)
 Metaspace       used 19596K, committed 19840K, reserved 1073152K
  class space    used 2677K, committed 2816K, reserved 1048576K
}
Event: 140.179 GC heap after
{Heap after GC invocations=4 (full 0):
 garbage-first heap   total 260096K, used 23091K [0x0000000702000000, 0x0000000800000000)
  region size 2048K, 1 young (2048K), 1 survivors (2048K)
 Metaspace       used 19596K, committed 19840K, reserved 1073152K
  class space    used 2677K, committed 2816K, reserved 1048576K
}
Event: 175.529 GC heap before
{Heap before GC invocations=4 (full 0):
 garbage-first heap   total 260096K, used 98867K [0x0000000702000000, 0x0000000800000000)
  region size 2048K, 6 young (12288K), 1 survivors (2048K)
 Metaspace       used 19822K, committed 20096K, reserved 1073152K
  class space    used 2680K, committed 2816K, reserved 1048576K
}
Event: 175.535 GC heap after
{Heap after GC invocations=5 (full 0):
 garbage-first heap   total 260096K, used 90732K [0x0000000702000000, 0x0000000800000000)
  region size 2048K, 1 young (2048K), 1 survivors (2048K)
 Metaspace       used 19822K, committed 20096K, reserved 1073152K
  class space    used 2680K, committed 2816K, reserved 1048576K
}
Event: 181.303 GC heap before
{Heap before GC invocations=5 (full 0):
 garbage-first heap   total 260096K, used 168556K [0x0000000702000000, 0x0000000800000000)
  region size 2048K, 3 young (6144K), 1 survivors (2048K)
 Metaspace       used 19853K, committed 20096K, reserved 1073152K
  class space    used 2680K, committed 2816K, reserved 1048576K
}
Event: 181.310 GC heap after
{Heap after GC invocations=6 (full 0):
 garbage-first heap   total 260096K, used 99218K [0x0000000702000000, 0x0000000800000000)
  region size 2048K, 1 young (2048K), 1 survivors (2048K)
 Metaspace       used 19853K, committed 20096K, reserved 1073152K
  class space    used 2680K, committed 2816K, reserved 1048576K
}
Event: 198.079 GC heap before
{Heap before GC invocations=6 (full 0):
 garbage-first heap   total 260096K, used 105362K [0x0000000702000000, 0x0000000800000000)
  region size 2048K, 4 young (8192K), 1 survivors (2048K)
 Metaspace       used 19907K, committed 20160K, reserved 1073152K
  class space    used 2680K, committed 2816K, reserved 1048576K
}
Event: 198.082 GC heap after
{Heap after GC invocations=7 (full 0):
 garbage-first heap   total 260096K, used 101030K [0x0000000702000000, 0x0000000800000000)
  region size 2048K, 1 young (2048K), 1 survivors (2048K)
 Metaspace       used 19907K, committed 20160K, reserved 1073152K
  class space    used 2680K, committed 2816K, reserved 1048576K
}
Event: 203.123 GC heap before
{Heap before GC invocations=7 (full 0):
 garbage-first heap   total 260096K, used 172710K [0x0000000702000000, 0x0000000800000000)
  region size 2048K, 4 young (8192K), 1 survivors (2048K)
 Metaspace       used 20100K, committed 20352K, reserved 1073152K
  class space    used 2706K, committed 2816K, reserved 1048576K
}
Event: 203.126 GC heap after
{Heap after GC invocations=8 (full 0):
 garbage-first heap   total 260096K, used 92791K [0x0000000702000000, 0x0000000800000000)
  region size 2048K, 1 young (2048K), 1 survivors (2048K)
 Metaspace       used 20100K, committed 20352K, reserved 1073152K
  class space    used 2706K, committed 2816K, reserved 1048576K
}
Event: 204.958 GC heap before
{Heap before GC invocations=8 (full 0):
 garbage-first heap   total 260096K, used 168567K [0x0000000702000000, 0x0000000800000000)
  region size 2048K, 2 young (4096K), 1 survivors (2048K)
 Metaspace       used 20101K, committed 20352K, reserved 1073152K
  class space    used 2706K, committed 2816K, reserved 1048576K
}
Event: 204.962 GC heap after
{Heap after GC invocations=9 (full 0):
 garbage-first heap   total 260096K, used 101040K [0x0000000702000000, 0x0000000800000000)
  region size 2048K, 1 young (2048K), 1 survivors (2048K)
 Metaspace       used 20101K, committed 20352K, reserved 1073152K
  class space    used 2706K, committed 2816K, reserved 1048576K
}
Event: 209.323 GC heap before
{Heap before GC invocations=9 (full 0):
 garbage-first heap   total 260096K, used 178864K [0x0000000702000000, 0x0000000800000000)
  region size 2048K, 4 young (8192K), 1 survivors (2048K)
 Metaspace       used 20141K, committed 20480K, reserved 1073152K
  class space    used 2709K, committed 2880K, reserved 1048576K
}
Event: 209.329 GC heap after
{Heap after GC invocations=10 (full 0):
 garbage-first heap   total 260096K, used 100785K [0x0000000702000000, 0x0000000800000000)
  region size 2048K, 2 young (4096K), 2 survivors (4096K)
 Metaspace       used 20141K, committed 20480K, reserved 1073152K
  class space    used 2709K, committed 2880K, reserved 1048576K
}
Event: 242.005 GC heap before
{Heap before GC invocations=10 (full 0):
 garbage-first heap   total 260096K, used 127409K [0x0000000702000000, 0x0000000800000000)
  region size 2048K, 15 young (30720K), 2 survivors (4096K)
 Metaspace       used 20968K, committed 21248K, reserved 1073152K
  class space    used 2808K, committed 2944K, reserved 1048576K
}
Event: 242.015 GC heap after
{Heap after GC invocations=11 (full 0):
 garbage-first heap   total 260096K, used 108691K [0x0000000702000000, 0x0000000800000000)
  region size 2048K, 5 young (10240K), 5 survivors (10240K)
 Metaspace       used 20968K, committed 21248K, reserved 1073152K
  class space    used 2808K, committed 2944K, reserved 1048576K
}

